Fri, 17 Apr 2020 15:48:24-TestCases.test_loginpage_pytest-test_loginpage_pytest.py-[line:29]-INFO-[日志信息]: ##########所有测试用例之前，setupClass整个测试类只执行一次##########
Fri, 17 Apr 2020 15:48:31-PageObjects.loginpage-loginpage.py-[line:27]-INFO-[日志信息]: 登陆界面的登陆入口的界面
Fri, 17 Apr 2020 15:48:31-Common.base_page-base_page.py-[line:46]-INFO-[日志信息]: 等待元素('xpath', "//*[text()='登录']")可见开始等待的时间是2020-04-17 15:48:31.648517，结束等待的时间2020-04-17 15:48:31.702517，等待的时长是0
Fri, 17 Apr 2020 15:48:31-Common.base_page-base_page.py-[line:145]-INFO-[日志信息]: 查找元素('xpath', "//*[text()='登录']")
Fri, 17 Apr 2020 15:48:31-Common.base_page-base_page.py-[line:68]-INFO-[日志信息]: 当前要查找的元素是('xpath', "//*[text()='登录']")
Fri, 17 Apr 2020 15:48:32-TestCases.test_loginpage_pytest-test_loginpage_pytest.py-[line:58]-INFO-[日志信息]: 此时输入的用户名是111密码是123456
Fri, 17 Apr 2020 15:48:32-PageObjects.loginpage-loginpage.py-[line:37]-INFO-[日志信息]: 登陆界面的-登陆功能
Fri, 17 Apr 2020 15:48:34-Common.base_page-base_page.py-[line:46]-INFO-[日志信息]: 等待元素('name', 'account')可见开始等待的时间是2020-04-17 15:48:34.673517，结束等待的时间2020-04-17 15:48:34.707517，等待的时长是0
Fri, 17 Apr 2020 15:48:34-Common.base_page-base_page.py-[line:68]-INFO-[日志信息]: 当前要查找的元素是('name', 'account')
Fri, 17 Apr 2020 15:48:34-Common.base_page-base_page.py-[line:85]-INFO-[日志信息]: 当前在('name', 'account')元素中输入111
Fri, 17 Apr 2020 15:48:34-Common.base_page-base_page.py-[line:68]-INFO-[日志信息]: 当前要查找的元素是('name', 'pass')
Fri, 17 Apr 2020 15:48:34-Common.base_page-base_page.py-[line:85]-INFO-[日志信息]: 当前在('name', 'pass')元素中输入123456
Fri, 17 Apr 2020 15:48:34-Common.base_page-base_page.py-[line:145]-INFO-[日志信息]: 查找元素('xpath', "//*[@class='btn-btn']")
Fri, 17 Apr 2020 15:48:34-Common.base_page-base_page.py-[line:68]-INFO-[日志信息]: 当前要查找的元素是('xpath', "//*[@class='btn-btn']")
Fri, 17 Apr 2020 15:48:35-PageObjects.loginpage-loginpage.py-[line:50]-INFO-[日志信息]: 登陆界面-获取用户名下的错误提示信息
Fri, 17 Apr 2020 15:48:35-Common.base_page-base_page.py-[line:46]-INFO-[日志信息]: 等待元素('xpath', "//*[@name='account']/following-sibling::p")可见开始等待的时间是2020-04-17 15:48:35.024517，结束等待的时间2020-04-17 15:48:35.561517，等待的时长是0
Fri, 17 Apr 2020 15:48:35-Common.base_page-base_page.py-[line:46]-INFO-[日志信息]: 等待元素('xpath', "//*[@name='account']/following-sibling::p")可见开始等待的时间是2020-04-17 15:48:35.562517，结束等待的时间2020-04-17 15:48:35.583517，等待的时长是0
Fri, 17 Apr 2020 15:48:35-Common.base_page-base_page.py-[line:68]-INFO-[日志信息]: 当前要查找的元素是('xpath', "//*[@name='account']/following-sibling::p")
Fri, 17 Apr 2020 15:48:35-Common.base_page-base_page.py-[line:109]-INFO-[日志信息]: ('xpath', "//*[@name='account']/following-sibling::p")的元素的文本内容是用户不存在
Fri, 17 Apr 2020 15:48:35-TestCases.test_loginpage_pytest-test_loginpage_pytest.py-[line:46]-INFO-[日志信息]: ********tearDown每个测试用例执行后都要执行一次********
Fri, 17 Apr 2020 15:48:35-TestCases.test_loginpage_pytest-test_loginpage_pytest.py-[line:58]-INFO-[日志信息]: 此时输入的用户名是密码是123456
Fri, 17 Apr 2020 15:48:35-PageObjects.loginpage-loginpage.py-[line:37]-INFO-[日志信息]: 登陆界面的-登陆功能
Fri, 17 Apr 2020 15:48:37-Common.base_page-base_page.py-[line:46]-INFO-[日志信息]: 等待元素('name', 'account')可见开始等待的时间是2020-04-17 15:48:37.929517，结束等待的时间2020-04-17 15:48:37.948517，等待的时长是0
Fri, 17 Apr 2020 15:48:37-Common.base_page-base_page.py-[line:68]-INFO-[日志信息]: 当前要查找的元素是('name', 'account')
Fri, 17 Apr 2020 15:48:37-Common.base_page-base_page.py-[line:85]-INFO-[日志信息]: 当前在('name', 'account')元素中输入
Fri, 17 Apr 2020 15:48:38-Common.base_page-base_page.py-[line:68]-INFO-[日志信息]: 当前要查找的元素是('name', 'pass')
Fri, 17 Apr 2020 15:48:38-Common.base_page-base_page.py-[line:85]-INFO-[日志信息]: 当前在('name', 'pass')元素中输入123456
Fri, 17 Apr 2020 15:48:38-Common.base_page-base_page.py-[line:145]-INFO-[日志信息]: 查找元素('xpath', "//*[@class='btn-btn']")
Fri, 17 Apr 2020 15:48:38-Common.base_page-base_page.py-[line:68]-INFO-[日志信息]: 当前要查找的元素是('xpath', "//*[@class='btn-btn']")
Fri, 17 Apr 2020 15:48:38-PageObjects.loginpage-loginpage.py-[line:50]-INFO-[日志信息]: 登陆界面-获取用户名下的错误提示信息
Fri, 17 Apr 2020 15:48:38-Common.base_page-base_page.py-[line:46]-INFO-[日志信息]: 等待元素('xpath', "//*[@name='account']/following-sibling::p")可见开始等待的时间是2020-04-17 15:48:38.212517，结束等待的时间2020-04-17 15:48:38.232517，等待的时长是0
Fri, 17 Apr 2020 15:48:38-Common.base_page-base_page.py-[line:46]-INFO-[日志信息]: 等待元素('xpath', "//*[@name='account']/following-sibling::p")可见开始等待的时间是2020-04-17 15:48:38.233517，结束等待的时间2020-04-17 15:48:38.254517，等待的时长是0
Fri, 17 Apr 2020 15:48:38-Common.base_page-base_page.py-[line:68]-INFO-[日志信息]: 当前要查找的元素是('xpath', "//*[@name='account']/following-sibling::p")
Fri, 17 Apr 2020 15:48:38-Common.base_page-base_page.py-[line:109]-INFO-[日志信息]: ('xpath', "//*[@name='account']/following-sibling::p")的元素的文本内容是账号不能为空
Fri, 17 Apr 2020 15:48:38-TestCases.test_loginpage_pytest-test_loginpage_pytest.py-[line:46]-INFO-[日志信息]: ********tearDown每个测试用例执行后都要执行一次********
Fri, 17 Apr 2020 15:48:38-TestCases.test_loginpage_pytest-test_loginpage_pytest.py-[line:70]-INFO-[日志信息]: 此时输入的用户名1185375204@qq.com密码是
Fri, 17 Apr 2020 15:48:38-PageObjects.loginpage-loginpage.py-[line:37]-INFO-[日志信息]: 登陆界面的-登陆功能
Fri, 17 Apr 2020 15:48:40-Common.base_page-base_page.py-[line:46]-INFO-[日志信息]: 等待元素('name', 'account')可见开始等待的时间是2020-04-17 15:48:40.553517，结束等待的时间2020-04-17 15:48:40.591517，等待的时长是0
Fri, 17 Apr 2020 15:48:40-Common.base_page-base_page.py-[line:68]-INFO-[日志信息]: 当前要查找的元素是('name', 'account')
Fri, 17 Apr 2020 15:48:40-Common.base_page-base_page.py-[line:85]-INFO-[日志信息]: 当前在('name', 'account')元素中输入1185375204@qq.com
Fri, 17 Apr 2020 15:48:40-Common.base_page-base_page.py-[line:68]-INFO-[日志信息]: 当前要查找的元素是('name', 'pass')
Fri, 17 Apr 2020 15:48:40-Common.base_page-base_page.py-[line:85]-INFO-[日志信息]: 当前在('name', 'pass')元素中输入
Fri, 17 Apr 2020 15:48:40-Common.base_page-base_page.py-[line:145]-INFO-[日志信息]: 查找元素('xpath', "//*[@class='btn-btn']")
Fri, 17 Apr 2020 15:48:40-Common.base_page-base_page.py-[line:68]-INFO-[日志信息]: 当前要查找的元素是('xpath', "//*[@class='btn-btn']")
Fri, 17 Apr 2020 15:48:41-PageObjects.loginpage-loginpage.py-[line:57]-INFO-[日志信息]: 登陆界面-获取密码下的提示信息
Fri, 17 Apr 2020 15:48:41-Common.base_page-base_page.py-[line:46]-INFO-[日志信息]: 等待元素('xpath', "//*[@name='pass']/following-sibling::p")可见开始等待的时间是2020-04-17 15:48:41.021517，结束等待的时间2020-04-17 15:48:41.054517，等待的时长是0
Fri, 17 Apr 2020 15:48:41-Common.base_page-base_page.py-[line:46]-INFO-[日志信息]: 等待元素('xpath', "//*[@name='pass']/following-sibling::p")可见开始等待的时间是2020-04-17 15:48:41.056517，结束等待的时间2020-04-17 15:48:41.085517，等待的时长是0
Fri, 17 Apr 2020 15:48:41-Common.base_page-base_page.py-[line:68]-INFO-[日志信息]: 当前要查找的元素是('xpath', "//*[@name='pass']/following-sibling::p")
Fri, 17 Apr 2020 15:48:41-Common.base_page-base_page.py-[line:109]-INFO-[日志信息]: ('xpath', "//*[@name='pass']/following-sibling::p")的元素的文本内容是密码不能为空
Fri, 17 Apr 2020 15:48:41-TestCases.test_loginpage_pytest-test_loginpage_pytest.py-[line:46]-INFO-[日志信息]: ********tearDown每个测试用例执行后都要执行一次********
Fri, 17 Apr 2020 15:48:41-TestCases.test_loginpage_pytest-test_loginpage_pytest.py-[line:70]-INFO-[日志信息]: 此时输入的用户名1185375204@qq.com密码是1
Fri, 17 Apr 2020 15:48:41-PageObjects.loginpage-loginpage.py-[line:37]-INFO-[日志信息]: 登陆界面的-登陆功能
Fri, 17 Apr 2020 15:48:43-Common.base_page-base_page.py-[line:46]-INFO-[日志信息]: 等待元素('name', 'account')可见开始等待的时间是2020-04-17 15:48:43.350517，结束等待的时间2020-04-17 15:48:43.370517，等待的时长是0
Fri, 17 Apr 2020 15:48:43-Common.base_page-base_page.py-[line:68]-INFO-[日志信息]: 当前要查找的元素是('name', 'account')
Fri, 17 Apr 2020 15:48:43-Common.base_page-base_page.py-[line:85]-INFO-[日志信息]: 当前在('name', 'account')元素中输入1185375204@qq.com
Fri, 17 Apr 2020 15:48:43-Common.base_page-base_page.py-[line:68]-INFO-[日志信息]: 当前要查找的元素是('name', 'pass')
Fri, 17 Apr 2020 15:48:43-Common.base_page-base_page.py-[line:85]-INFO-[日志信息]: 当前在('name', 'pass')元素中输入1
Fri, 17 Apr 2020 15:48:43-Common.base_page-base_page.py-[line:145]-INFO-[日志信息]: 查找元素('xpath', "//*[@class='btn-btn']")
Fri, 17 Apr 2020 15:48:43-Common.base_page-base_page.py-[line:68]-INFO-[日志信息]: 当前要查找的元素是('xpath', "//*[@class='btn-btn']")
Fri, 17 Apr 2020 15:48:43-PageObjects.loginpage-loginpage.py-[line:57]-INFO-[日志信息]: 登陆界面-获取密码下的提示信息
Fri, 17 Apr 2020 15:48:43-Common.base_page-base_page.py-[line:46]-INFO-[日志信息]: 等待元素('xpath', "//*[@name='pass']/following-sibling::p")可见开始等待的时间是2020-04-17 15:48:43.677517，结束等待的时间2020-04-17 15:48:43.696517，等待的时长是0
Fri, 17 Apr 2020 15:48:43-Common.base_page-base_page.py-[line:46]-INFO-[日志信息]: 等待元素('xpath', "//*[@name='pass']/following-sibling::p")可见开始等待的时间是2020-04-17 15:48:43.697517，结束等待的时间2020-04-17 15:48:43.716517，等待的时长是0
Fri, 17 Apr 2020 15:48:43-Common.base_page-base_page.py-[line:68]-INFO-[日志信息]: 当前要查找的元素是('xpath', "//*[@name='pass']/following-sibling::p")
Fri, 17 Apr 2020 15:48:43-Common.base_page-base_page.py-[line:109]-INFO-[日志信息]: ('xpath', "//*[@name='pass']/following-sibling::p")的元素的文本内容是请输入6-24位密码
Fri, 17 Apr 2020 15:48:43-TestCases.test_loginpage_pytest-test_loginpage_pytest.py-[line:46]-INFO-[日志信息]: ********tearDown每个测试用例执行后都要执行一次********
Fri, 17 Apr 2020 15:48:43-TestCases.test_loginpage_pytest-test_loginpage_pytest.py-[line:80]-INFO-[日志信息]: 正常登陆的用户名是1185375204@qq.com,密码是15030805249youar
Fri, 17 Apr 2020 15:48:43-PageObjects.loginpage-loginpage.py-[line:37]-INFO-[日志信息]: 登陆界面的-登陆功能
Fri, 17 Apr 2020 15:48:46-Common.base_page-base_page.py-[line:46]-INFO-[日志信息]: 等待元素('name', 'account')可见开始等待的时间是2020-04-17 15:48:45.988517，结束等待的时间2020-04-17 15:48:46.006517，等待的时长是0
Fri, 17 Apr 2020 15:48:46-Common.base_page-base_page.py-[line:68]-INFO-[日志信息]: 当前要查找的元素是('name', 'account')
Fri, 17 Apr 2020 15:48:46-Common.base_page-base_page.py-[line:85]-INFO-[日志信息]: 当前在('name', 'account')元素中输入1185375204@qq.com
Fri, 17 Apr 2020 15:48:46-Common.base_page-base_page.py-[line:68]-INFO-[日志信息]: 当前要查找的元素是('name', 'pass')
Fri, 17 Apr 2020 15:48:46-Common.base_page-base_page.py-[line:85]-INFO-[日志信息]: 当前在('name', 'pass')元素中输入15030805249youar
Fri, 17 Apr 2020 15:48:46-Common.base_page-base_page.py-[line:145]-INFO-[日志信息]: 查找元素('xpath', "//*[@class='btn-btn']")
Fri, 17 Apr 2020 15:48:46-Common.base_page-base_page.py-[line:68]-INFO-[日志信息]: 当前要查找的元素是('xpath', "//*[@class='btn-btn']")
Fri, 17 Apr 2020 15:48:47-TestCases.test_loginpage_pytest-test_loginpage_pytest.py-[line:46]-INFO-[日志信息]: ********tearDown每个测试用例执行后都要执行一次********
Fri, 17 Apr 2020 15:48:48-TestCases.test_loginpage_pytest-test_loginpage_pytest.py-[line:39]-INFO-[日志信息]: ############所有测试用例之后，tearDownClass,整个测试类只执行一次##########
Fri, 17 Apr 2020 15:53:32-TestCases.test_loginpage_pytest-test_loginpage_pytest.py-[line:29]-INFO-[日志信息]: ##########所有测试用例之前，setupClass整个测试类只执行一次##########
Fri, 17 Apr 2020 15:53:38-PageObjects.loginpage-loginpage.py-[line:27]-INFO-[日志信息]: 登陆界面的登陆入口的界面
Fri, 17 Apr 2020 15:53:38-Common.base_page-base_page.py-[line:46]-INFO-[日志信息]: 等待元素('xpath', "//*[text()='登录']")可见开始等待的时间是2020-04-17 15:53:38.934517，结束等待的时间2020-04-17 15:53:38.987517，等待的时长是0
Fri, 17 Apr 2020 15:53:38-Common.base_page-base_page.py-[line:145]-INFO-[日志信息]: 查找元素('xpath', "//*[text()='登录']")
Fri, 17 Apr 2020 15:53:38-Common.base_page-base_page.py-[line:68]-INFO-[日志信息]: 当前要查找的元素是('xpath', "//*[text()='登录']")
Fri, 17 Apr 2020 15:53:40-TestCases.test_loginpage_pytest-test_loginpage_pytest.py-[line:58]-INFO-[日志信息]: 此时输入的用户名是111密码是123456
Fri, 17 Apr 2020 15:53:40-PageObjects.loginpage-loginpage.py-[line:37]-INFO-[日志信息]: 登陆界面的-登陆功能
Fri, 17 Apr 2020 15:53:42-Common.base_page-base_page.py-[line:46]-INFO-[日志信息]: 等待元素('name', 'account')可见开始等待的时间是2020-04-17 15:53:42.100517，结束等待的时间2020-04-17 15:53:42.140517，等待的时长是0
Fri, 17 Apr 2020 15:53:42-Common.base_page-base_page.py-[line:68]-INFO-[日志信息]: 当前要查找的元素是('name', 'account')
Fri, 17 Apr 2020 15:53:42-Common.base_page-base_page.py-[line:85]-INFO-[日志信息]: 当前在('name', 'account')元素中输入111
Fri, 17 Apr 2020 15:53:42-Common.base_page-base_page.py-[line:68]-INFO-[日志信息]: 当前要查找的元素是('name', 'pass')
Fri, 17 Apr 2020 15:53:42-Common.base_page-base_page.py-[line:85]-INFO-[日志信息]: 当前在('name', 'pass')元素中输入123456
Fri, 17 Apr 2020 15:53:42-Common.base_page-base_page.py-[line:145]-INFO-[日志信息]: 查找元素('xpath', "//*[@class='btn-btn']")
Fri, 17 Apr 2020 15:53:42-Common.base_page-base_page.py-[line:68]-INFO-[日志信息]: 当前要查找的元素是('xpath', "//*[@class='btn-btn']")
Fri, 17 Apr 2020 15:53:42-PageObjects.loginpage-loginpage.py-[line:50]-INFO-[日志信息]: 登陆界面-获取用户名下的错误提示信息
Fri, 17 Apr 2020 15:53:42-Common.base_page-base_page.py-[line:46]-INFO-[日志信息]: 等待元素('xpath', "//*[@name='account']/following-sibling::p")可见开始等待的时间是2020-04-17 15:53:42.440517，结束等待的时间2020-04-17 15:53:42.981517，等待的时长是0
Fri, 17 Apr 2020 15:53:42-Common.base_page-base_page.py-[line:46]-INFO-[日志信息]: 等待元素('xpath', "//*[@name='account']/following-sibling::p")可见开始等待的时间是2020-04-17 15:53:42.981517，结束等待的时间2020-04-17 15:53:42.999517，等待的时长是0
Fri, 17 Apr 2020 15:53:43-Common.base_page-base_page.py-[line:68]-INFO-[日志信息]: 当前要查找的元素是('xpath', "//*[@name='account']/following-sibling::p")
Fri, 17 Apr 2020 15:53:43-Common.base_page-base_page.py-[line:109]-INFO-[日志信息]: ('xpath', "//*[@name='account']/following-sibling::p")的元素的文本内容是用户不存在
Fri, 17 Apr 2020 15:53:43-TestCases.test_loginpage_pytest-test_loginpage_pytest.py-[line:46]-INFO-[日志信息]: ********tearDown每个测试用例执行后都要执行一次********
Fri, 17 Apr 2020 15:53:43-TestCases.test_loginpage_pytest-test_loginpage_pytest.py-[line:58]-INFO-[日志信息]: 此时输入的用户名是密码是123456
Fri, 17 Apr 2020 15:53:43-PageObjects.loginpage-loginpage.py-[line:37]-INFO-[日志信息]: 登陆界面的-登陆功能
Fri, 17 Apr 2020 15:53:45-Common.base_page-base_page.py-[line:46]-INFO-[日志信息]: 等待元素('name', 'account')可见开始等待的时间是2020-04-17 15:53:45.300517，结束等待的时间2020-04-17 15:53:45.321517，等待的时长是0
Fri, 17 Apr 2020 15:53:45-Common.base_page-base_page.py-[line:68]-INFO-[日志信息]: 当前要查找的元素是('name', 'account')
Fri, 17 Apr 2020 15:53:45-Common.base_page-base_page.py-[line:85]-INFO-[日志信息]: 当前在('name', 'account')元素中输入
Fri, 17 Apr 2020 15:53:45-Common.base_page-base_page.py-[line:68]-INFO-[日志信息]: 当前要查找的元素是('name', 'pass')
Fri, 17 Apr 2020 15:53:45-Common.base_page-base_page.py-[line:85]-INFO-[日志信息]: 当前在('name', 'pass')元素中输入123456
Fri, 17 Apr 2020 15:53:45-Common.base_page-base_page.py-[line:145]-INFO-[日志信息]: 查找元素('xpath', "//*[@class='btn-btn']")
Fri, 17 Apr 2020 15:53:45-Common.base_page-base_page.py-[line:68]-INFO-[日志信息]: 当前要查找的元素是('xpath', "//*[@class='btn-btn']")
Fri, 17 Apr 2020 15:53:45-PageObjects.loginpage-loginpage.py-[line:50]-INFO-[日志信息]: 登陆界面-获取用户名下的错误提示信息
Fri, 17 Apr 2020 15:53:45-Common.base_page-base_page.py-[line:46]-INFO-[日志信息]: 等待元素('xpath', "//*[@name='account']/following-sibling::p")可见开始等待的时间是2020-04-17 15:53:45.620517，结束等待的时间2020-04-17 15:53:45.649517，等待的时长是0
Fri, 17 Apr 2020 15:53:45-Common.base_page-base_page.py-[line:46]-INFO-[日志信息]: 等待元素('xpath', "//*[@name='account']/following-sibling::p")可见开始等待的时间是2020-04-17 15:53:45.650517，结束等待的时间2020-04-17 15:53:45.671517，等待的时长是0
Fri, 17 Apr 2020 15:53:45-Common.base_page-base_page.py-[line:68]-INFO-[日志信息]: 当前要查找的元素是('xpath', "//*[@name='account']/following-sibling::p")
Fri, 17 Apr 2020 15:53:45-Common.base_page-base_page.py-[line:109]-INFO-[日志信息]: ('xpath', "//*[@name='account']/following-sibling::p")的元素的文本内容是账号不能为空
Fri, 17 Apr 2020 15:53:45-TestCases.test_loginpage_pytest-test_loginpage_pytest.py-[line:46]-INFO-[日志信息]: ********tearDown每个测试用例执行后都要执行一次********
Fri, 17 Apr 2020 15:53:45-TestCases.test_loginpage_pytest-test_loginpage_pytest.py-[line:70]-INFO-[日志信息]: 此时输入的用户名1185375204@qq.com密码是
Fri, 17 Apr 2020 15:53:45-PageObjects.loginpage-loginpage.py-[line:37]-INFO-[日志信息]: 登陆界面的-登陆功能
Fri, 17 Apr 2020 15:53:47-Common.base_page-base_page.py-[line:46]-INFO-[日志信息]: 等待元素('name', 'account')可见开始等待的时间是2020-04-17 15:53:47.971517，结束等待的时间2020-04-17 15:53:47.988517，等待的时长是0
Fri, 17 Apr 2020 15:53:47-Common.base_page-base_page.py-[line:68]-INFO-[日志信息]: 当前要查找的元素是('name', 'account')
Fri, 17 Apr 2020 15:53:47-Common.base_page-base_page.py-[line:85]-INFO-[日志信息]: 当前在('name', 'account')元素中输入1185375204@qq.com
Fri, 17 Apr 2020 15:53:48-Common.base_page-base_page.py-[line:68]-INFO-[日志信息]: 当前要查找的元素是('name', 'pass')
Fri, 17 Apr 2020 15:53:48-Common.base_page-base_page.py-[line:85]-INFO-[日志信息]: 当前在('name', 'pass')元素中输入
Fri, 17 Apr 2020 15:53:48-Common.base_page-base_page.py-[line:145]-INFO-[日志信息]: 查找元素('xpath', "//*[@class='btn-btn']")
Fri, 17 Apr 2020 15:53:48-Common.base_page-base_page.py-[line:68]-INFO-[日志信息]: 当前要查找的元素是('xpath', "//*[@class='btn-btn']")
Fri, 17 Apr 2020 15:53:48-PageObjects.loginpage-loginpage.py-[line:57]-INFO-[日志信息]: 登陆界面-获取密码下的提示信息
Fri, 17 Apr 2020 15:53:48-Common.base_page-base_page.py-[line:46]-INFO-[日志信息]: 等待元素('xpath', "//*[@name='pass']/following-sibling::p")可见开始等待的时间是2020-04-17 15:53:48.298517，结束等待的时间2020-04-17 15:53:48.322517，等待的时长是0
Fri, 17 Apr 2020 15:53:48-Common.base_page-base_page.py-[line:46]-INFO-[日志信息]: 等待元素('xpath', "//*[@name='pass']/following-sibling::p")可见开始等待的时间是2020-04-17 15:53:48.322517，结束等待的时间2020-04-17 15:53:48.341517，等待的时长是0
Fri, 17 Apr 2020 15:53:48-Common.base_page-base_page.py-[line:68]-INFO-[日志信息]: 当前要查找的元素是('xpath', "//*[@name='pass']/following-sibling::p")
Fri, 17 Apr 2020 15:53:48-Common.base_page-base_page.py-[line:109]-INFO-[日志信息]: ('xpath', "//*[@name='pass']/following-sibling::p")的元素的文本内容是密码不能为空
Fri, 17 Apr 2020 15:53:48-TestCases.test_loginpage_pytest-test_loginpage_pytest.py-[line:46]-INFO-[日志信息]: ********tearDown每个测试用例执行后都要执行一次********
Fri, 17 Apr 2020 15:53:48-TestCases.test_loginpage_pytest-test_loginpage_pytest.py-[line:70]-INFO-[日志信息]: 此时输入的用户名1185375204@qq.com密码是1
Fri, 17 Apr 2020 15:53:48-PageObjects.loginpage-loginpage.py-[line:37]-INFO-[日志信息]: 登陆界面的-登陆功能
Fri, 17 Apr 2020 15:53:50-Common.base_page-base_page.py-[line:46]-INFO-[日志信息]: 等待元素('name', 'account')可见开始等待的时间是2020-04-17 15:53:50.588517，结束等待的时间2020-04-17 15:53:50.606517，等待的时长是0
Fri, 17 Apr 2020 15:53:50-Common.base_page-base_page.py-[line:68]-INFO-[日志信息]: 当前要查找的元素是('name', 'account')
Fri, 17 Apr 2020 15:53:50-Common.base_page-base_page.py-[line:85]-INFO-[日志信息]: 当前在('name', 'account')元素中输入1185375204@qq.com
Fri, 17 Apr 2020 15:53:50-Common.base_page-base_page.py-[line:68]-INFO-[日志信息]: 当前要查找的元素是('name', 'pass')
Fri, 17 Apr 2020 15:53:50-Common.base_page-base_page.py-[line:85]-INFO-[日志信息]: 当前在('name', 'pass')元素中输入1
Fri, 17 Apr 2020 15:53:50-Common.base_page-base_page.py-[line:145]-INFO-[日志信息]: 查找元素('xpath', "//*[@class='btn-btn']")
Fri, 17 Apr 2020 15:53:50-Common.base_page-base_page.py-[line:68]-INFO-[日志信息]: 当前要查找的元素是('xpath', "//*[@class='btn-btn']")
Fri, 17 Apr 2020 15:53:50-PageObjects.loginpage-loginpage.py-[line:57]-INFO-[日志信息]: 登陆界面-获取密码下的提示信息
Fri, 17 Apr 2020 15:53:50-Common.base_page-base_page.py-[line:46]-INFO-[日志信息]: 等待元素('xpath', "//*[@name='pass']/following-sibling::p")可见开始等待的时间是2020-04-17 15:53:50.899517，结束等待的时间2020-04-17 15:53:50.920517，等待的时长是0
Fri, 17 Apr 2020 15:53:50-Common.base_page-base_page.py-[line:46]-INFO-[日志信息]: 等待元素('xpath', "//*[@name='pass']/following-sibling::p")可见开始等待的时间是2020-04-17 15:53:50.920517，结束等待的时间2020-04-17 15:53:50.945517，等待的时长是0
Fri, 17 Apr 2020 15:53:50-Common.base_page-base_page.py-[line:68]-INFO-[日志信息]: 当前要查找的元素是('xpath', "//*[@name='pass']/following-sibling::p")
Fri, 17 Apr 2020 15:53:50-Common.base_page-base_page.py-[line:109]-INFO-[日志信息]: ('xpath', "//*[@name='pass']/following-sibling::p")的元素的文本内容是请输入6-24位密码
Fri, 17 Apr 2020 15:53:50-TestCases.test_loginpage_pytest-test_loginpage_pytest.py-[line:46]-INFO-[日志信息]: ********tearDown每个测试用例执行后都要执行一次********
Fri, 17 Apr 2020 15:53:51-TestCases.test_loginpage_pytest-test_loginpage_pytest.py-[line:80]-INFO-[日志信息]: 正常登陆的用户名是1185375204@qq.com,密码是15030805249youar
Fri, 17 Apr 2020 15:53:51-PageObjects.loginpage-loginpage.py-[line:37]-INFO-[日志信息]: 登陆界面的-登陆功能
Fri, 17 Apr 2020 15:53:53-Common.base_page-base_page.py-[line:46]-INFO-[日志信息]: 等待元素('name', 'account')可见开始等待的时间是2020-04-17 15:53:53.199517，结束等待的时间2020-04-17 15:53:53.219517，等待的时长是0
Fri, 17 Apr 2020 15:53:53-Common.base_page-base_page.py-[line:68]-INFO-[日志信息]: 当前要查找的元素是('name', 'account')
Fri, 17 Apr 2020 15:53:53-Common.base_page-base_page.py-[line:85]-INFO-[日志信息]: 当前在('name', 'account')元素中输入1185375204@qq.com
Fri, 17 Apr 2020 15:53:53-Common.base_page-base_page.py-[line:68]-INFO-[日志信息]: 当前要查找的元素是('name', 'pass')
Fri, 17 Apr 2020 15:53:53-Common.base_page-base_page.py-[line:85]-INFO-[日志信息]: 当前在('name', 'pass')元素中输入15030805249youar
Fri, 17 Apr 2020 15:53:53-Common.base_page-base_page.py-[line:145]-INFO-[日志信息]: 查找元素('xpath', "//*[@class='btn-btn']")
Fri, 17 Apr 2020 15:53:53-Common.base_page-base_page.py-[line:68]-INFO-[日志信息]: 当前要查找的元素是('xpath', "//*[@class='btn-btn']")
Fri, 17 Apr 2020 15:53:56-TestCases.test_loginpage_pytest-test_loginpage_pytest.py-[line:46]-INFO-[日志信息]: ********tearDown每个测试用例执行后都要执行一次********
Fri, 17 Apr 2020 15:53:56-TestCases.test_loginpage_pytest-test_loginpage_pytest.py-[line:39]-INFO-[日志信息]: ############所有测试用例之后，tearDownClass,整个测试类只执行一次##########
